<?xml version="1.0" encoding="UTF-8"?>
<testng-results skipped="0" failed="0" total="3" passed="3">
  <reporter-output>
  </reporter-output>
  <suite name="Default suite" duration-ms="85134" started-at="2018-05-12T11:35:20Z" finished-at="2018-05-12T11:36:45Z">
    <groups>
    </groups>
    <test name="Default test" duration-ms="85134" started-at="2018-05-12T11:35:20Z" finished-at="2018-05-12T11:36:45Z">
      <class name="com.pom.testScripts.KomootTest">
        <test-method status="PASS" signature="setUp()[pri:0, instance:com.pom.testScripts.KomootTest@10bdf5e5]" name="setUp" is-config="true" duration-ms="17631" started-at="2018-05-12T13:35:20Z" finished-at="2018-05-12T13:35:37Z">
          <reporter-output>
          </reporter-output>
        </test-method> <!-- setUp -->
        <test-method status="PASS" signature="komootAppTest1_VerifySportType()[pri:0, instance:com.pom.testScripts.KomootTest@10bdf5e5]" name="komootAppTest1_VerifySportType" duration-ms="6912" started-at="2018-05-12T13:35:37Z" finished-at="2018-05-12T13:35:44Z">
          <reporter-output>
          </reporter-output>
        </test-method> <!-- komootAppTest1_VerifySportType -->
        <test-method status="PASS" signature="komootAppTest2_HorizontalSportType()[pri:0, instance:com.pom.testScripts.KomootTest@10bdf5e5]" name="komootAppTest2_HorizontalSportType" duration-ms="4411" started-at="2018-05-12T13:35:44Z" finished-at="2018-05-12T13:35:49Z">
          <reporter-output>
          </reporter-output>
        </test-method> <!-- komootAppTest2_HorizontalSportType -->
        <test-method status="PASS" signature="komootAppTest3_verifyPlanPage()[pri:0, instance:com.pom.testScripts.KomootTest@10bdf5e5]" name="komootAppTest3_verifyPlanPage" duration-ms="52838" started-at="2018-05-12T13:35:49Z" finished-at="2018-05-12T13:36:41Z">
          <reporter-output>
          </reporter-output>
        </test-method> <!-- komootAppTest3_verifyPlanPage -->
        <test-method status="PASS" signature="quitDriver()[pri:0, instance:com.pom.testScripts.KomootTest@10bdf5e5]" name="quitDriver" is-config="true" duration-ms="3308" started-at="2018-05-12T13:36:41Z" finished-at="2018-05-12T13:36:45Z">
          <reporter-output>
          </reporter-output>
        </test-method> <!-- quitDriver -->
      </class> <!-- com.pom.testScripts.KomootTest -->
    </test> <!-- Default test -->
  </suite> <!-- Default suite -->
</testng-results>
