<?xml version="1.0" encoding="UTF-8"?>
<!-- Generated by org.testng.reporters.JUnitXMLReporter -->
<testsuite hostname="Dell" name="Default test" tests="3" failures="0" timestamp="12 May 2018 11:36:45 GMT" time="85.134" errors="0">
  <testcase name="komootAppTest1_VerifySportType" time="6.912" classname="com.pom.testScripts.KomootTest"/>
  <testcase name="komootAppTest2_HorizontalSportType" time="4.411" classname="com.pom.testScripts.KomootTest"/>
  <testcase name="komootAppTest3_verifyPlanPage" time="52.838" classname="com.pom.testScripts.KomootTest"/>
</testsuite> <!-- Default test -->
